 [*] Waiting for logs. To exit press CTRL+C
 [*] Waiting for logs. To exit press CTRL+C
Could not open input file: /home/git/IT490.1/logListener.php
Could not open input file: /home/git/IT490.1/logListener.php
 [*] Waiting for logs. To exit press CTRL+C
 [*] Waiting for logs. To exit press CTRL+C
 [x] yoyo on 2022.10.31 @ 03:34:40pm @ jp-VirtualBox
 [*] Waiting for logs. To exit press CTRL+C
 [x] gabagoo on 2022.10.31 @ 03:37:13pm @ jp-VirtualBox
 [x] hi on 2022.10.31 @ 03:38:30pm @ jp-VirtualBox
 [x] hi on 2022.10.31 @ 03:38:52pm @ jp-VirtualBox
 [x] hi on 2022.10.31 @ 03:38:52pm @ jp-VirtualBox
 [x] hi on 2022.10.31 @ 03:38:53pm @ jp-VirtualBox
 [x] hi on 2022.10.31 @ 03:38:53pm @ jp-VirtualBox
 [x] hi on 2022.10.31 @ 03:38:54pm @ jp-VirtualBox
 [x] plswork on 2022.10.31 @ 03:39:27pm @ jp-VirtualBox
 [*] Waiting for logs. To exit press CTRL+C
 [*] Waiting for logs. To exit press CTRL+C
 [x] plswork on 2022.10.31 @ 03:41:27pm @ jp-VirtualBox
 [x] ./publishLog.php on 2022.10.31 @ 04:01:01pm @ gabe-VirtualBox
 [x] ../publishLog.php on 2022.10.31 @ 04:03:14pm @ gabe-VirtualBox
 [x] shirts grabbed on 2022.10.31 @ 04:04:29pm @ gabe-VirtualBox
 [x] tops grabbed on 2022.10.31 @ 04:19:00pm @ gabe-VirtualBox
 [x] shirts grabbed on 2022.10.31 @ 04:26:32pm @ gabe-VirtualBox
 [x] error main: idList not 20 on 2022.10.31 @ 04:26:32pm @ gabe-VirtualBox
 [x] shirts grabbed on 2022.10.31 @ 04:34:44pm @ gabe-VirtualBox
 [x] tops grabbed on 2022.10.31 @ 04:35:13pm @ gabe-VirtualBox
 [x] shirts grabbed on 2022.10.31 @ 04:48:40pm @ gabe-VirtualBox
 [x] tops grabbed on 2022.10.31 @ 04:49:11pm @ gabe-VirtualBox
 [x] shirts grabbed on 2022.10.31 @ 04:56:53pm @ gabe-VirtualBox
 [x] error parser:21 didn't get all pid's on 2022.10.31 @ 04:56:54pm @ gabe-VirtualBox
 [x] shirts grabbed on 2022.10.31 @ 04:57:35pm @ gabe-VirtualBox
 [x] error parser:21 didn't get all pid's on 2022.10.31 @ 04:57:36pm @ gabe-VirtualBox
 [x] error main: idList not 20 on 2022.10.31 @ 04:57:36pm @ gabe-VirtualBox
 [x] tops grabbed on 2022.10.31 @ 04:58:05pm @ gabe-VirtualBox
 [x] invalid username or password homie on 2022.10.31 @ 05:13:16pm @ jenn-VirtualBox
 [x] username or password invalid to on 2022.10.31 @ 05:41:48pm @ jenn-VirtualBox
 [x] invalid username or password homie on 2022.10.31 @ 06:02:40pm @ jenn-VirtualBox
 [x] invalid username or password homie on 2022.10.31 @ 07:06:10pm @ jenn-VirtualBox
